[INFO] Scanning for projects...
[INFO] 
[INFO] ------------------------< com.example:backend >-------------------------
[INFO] Building portfolio-backend 0.0.1-SNAPSHOT
[INFO]   from pom.xml
[INFO] --------------------------------[ jar ]---------------------------------
[INFO] 
[INFO] >>> spring-boot:4.0.2:run (default-cli) > test-compile @ backend >>>
[INFO] 
[INFO] --- resources:3.3.1:resources (default-resources) @ backend ---
[INFO] Copying 3 resources from src\main\resources to target\classes
[INFO] Copying 0 resource from src\main\resources to target\classes
[INFO] 
[INFO] --- compiler:3.14.1:compile (default-compile) @ backend ---
[INFO] Nothing to compile - all classes are up to date.
[INFO] 
[INFO] --- resources:3.3.1:testResources (default-testResources) @ backend ---
[INFO] skip non existing resourceDirectory C:\Users\Usuario\Desktop\U\Proyecto-Backend\project-backend\backend-spring\src\test\resources
[INFO] 
[INFO] --- compiler:3.14.1:testCompile (default-testCompile) @ backend ---
[INFO] Nothing to compile - all classes are up to date.
[INFO] 
[INFO] <<< spring-boot:4.0.2:run (default-cli) < test-compile @ backend <<<
[INFO] 
[INFO] 
[INFO] --- spring-boot:4.0.2:run (default-cli) @ backend ---
[INFO] Attaching agents: []

  .   ____          _            __ _ _
 /\\ / ___'_ __ _ _(_)_ __  __ _ \ \ \ \
( ( )\___ | '_ | '_| | '_ \/ _` | \ \ \ \
 \\/  ___)| |_)| | | | | || (_| |  ) ) ) )
  '  |____| .__|_| |_|_| |_\__, | / / / /
 =========|_|==============|___/=/_/_/_/

 :: Spring Boot ::                (v4.0.2)

2026-02-08T22:39:32.120-05:00  INFO 129760 --- [portfolio-backend] [  restartedMain] c.p.backend.PortfolioBackendApplication  : Starting PortfolioBackendApplication using Java 25.0.1 with PID 129760 (C:\Users\Usuario\Desktop\U\Proyecto-Backend\project-backend\backend-spring\target\classes started by Usuario in C:\Users\Usuario\Desktop\U\Proyecto-Backend\project-backend\backend-spring)
2026-02-08T22:39:32.121-05:00 DEBUG 129760 --- [portfolio-backend] [  restartedMain] c.p.backend.PortfolioBackendApplication  : Running with Spring Boot v4.0.2, Spring v7.0.3
2026-02-08T22:39:32.121-05:00  INFO 129760 --- [portfolio-backend] [  restartedMain] c.p.backend.PortfolioBackendApplication  : The following 1 profile is active: "dev"
2026-02-08T22:39:32.156-05:00  INFO 129760 --- [portfolio-backend] [  restartedMain] .e.DevToolsPropertyDefaultsPostProcessor : Devtools property defaults active! Set 'spring.devtools.add-properties' to 'false' to disable
2026-02-08T22:39:32.157-05:00  INFO 129760 --- [portfolio-backend] [  restartedMain] .e.DevToolsPropertyDefaultsPostProcessor : For additional web related logging consider setting the 'logging.level.web' property to 'DEBUG'
2026-02-08T22:39:32.579-05:00  INFO 129760 --- [portfolio-backend] [  restartedMain] .s.d.r.c.RepositoryConfigurationDelegate : Bootstrapping Spring Data JPA repositories in DEFAULT mode.
2026-02-08T22:39:32.628-05:00  INFO 129760 --- [portfolio-backend] [  restartedMain] .s.d.r.c.RepositoryConfigurationDelegate : Finished Spring Data repository scanning in 42 ms. Found 5 JPA repository interfaces.
2026-02-08T22:39:32.987-05:00  INFO 129760 --- [portfolio-backend] [  restartedMain] o.s.boot.tomcat.TomcatWebServer          : Tomcat initialized with port 8080 (http)
2026-02-08T22:39:32.996-05:00  INFO 129760 --- [portfolio-backend] [  restartedMain] o.apache.catalina.core.StandardService   : Starting service [Tomcat]
2026-02-08T22:39:32.996-05:00  INFO 129760 --- [portfolio-backend] [  restartedMain] o.apache.catalina.core.StandardEngine    : Starting Servlet engine: [Apache Tomcat/11.0.15]
2026-02-08T22:39:33.019-05:00  INFO 129760 --- [portfolio-backend] [  restartedMain] b.w.c.s.WebApplicationContextInitializer : Root WebApplicationContext: initialization completed in 862 ms
2026-02-08T22:39:33.097-05:00  INFO 129760 --- [portfolio-backend] [  restartedMain] org.hibernate.orm.jpa                    : HHH008540: Processing PersistenceUnitInfo [name: default]
2026-02-08T22:39:33.124-05:00  INFO 129760 --- [portfolio-backend] [  restartedMain] org.hibernate.orm.core                   : HHH000001: Hibernate ORM core version 7.2.1.Final
2026-02-08T22:39:33.398-05:00  INFO 129760 --- [portfolio-backend] [  restartedMain] o.s.o.j.p.SpringPersistenceUnitInfo      : No LoadTimeWeaver setup: ignoring JPA class transformer
2026-02-08T22:39:33.417-05:00  INFO 129760 --- [portfolio-backend] [  restartedMain] com.zaxxer.hikari.HikariDataSource       : HikariPool-1 - Starting...
2026-02-08T22:39:33.514-05:00  INFO 129760 --- [portfolio-backend] [  restartedMain] com.zaxxer.hikari.pool.HikariPool        : HikariPool-1 - Added connection conn0: url=jdbc:h2:mem:portfolio_db user=SA
2026-02-08T22:39:33.515-05:00  INFO 129760 --- [portfolio-backend] [  restartedMain] com.zaxxer.hikari.HikariDataSource       : HikariPool-1 - Start completed.
2026-02-08T22:39:33.528-05:00  WARN 129760 --- [portfolio-backend] [  restartedMain] org.hibernate.orm.deprecation            : HHH90000025: H2Dialect does not need to be specified explicitly using 'hibernate.dialect' (remove the property setting and it will be selected by default)
2026-02-08T22:39:33.542-05:00  INFO 129760 --- [portfolio-backend] [  restartedMain] org.hibernate.orm.connections.pooling    : HHH10001005: Database info:
	Database JDBC URL [jdbc:h2:mem:portfolio_db]
	Database driver: H2 JDBC Driver
	Database dialect: H2Dialect
	Database version: 2.4.240
	Default catalog/schema: PORTFOLIO_DB/PUBLIC
	Autocommit mode: undefined/unknown
	Isolation level: READ_COMMITTED [default READ_COMMITTED]
	JDBC fetch size: 100
	Pool: DataSourceConnectionProvider
	Minimum pool size: undefined/unknown
	Maximum pool size: undefined/unknown
2026-02-08T22:39:34.289-05:00  INFO 129760 --- [portfolio-backend] [  restartedMain] org.hibernate.orm.core                   : HHH000489: No JTA platform available (set 'hibernate.transaction.jta.platform' to enable JTA platform integration)
Hibernate: 
    drop table if exists advisories cascade 
Hibernate: 
    drop table if exists programmer_profiles cascade 
Hibernate: 
    drop table if exists programmer_skills cascade 
Hibernate: 
    drop table if exists project_techs cascade 
Hibernate: 
    drop table if exists projects cascade 
Hibernate: 
    drop table if exists schedules cascade 
Hibernate: 
    drop table if exists users cascade 
Hibernate: 
    create table advisories (
        date date,
        time time(0),
        created_at timestamp(6),
        id bigint generated by default as identity,
        programmer_id bigint not null,
        schedule_id bigint,
        updated_at timestamp(6),
        user_id bigint not null,
        message TEXT,
        modality varchar(255) not null,
        response_message TEXT,
        status enum ('ACCEPTED','COMPLETED','PENDING','REJECTED') not null,
        primary key (id)
    )
Hibernate: 
    create table programmer_profiles (
        rating float(53),
        years_experience integer,
        created_at timestamp(6),
        id bigint generated by default as identity,
        updated_at timestamp(6),
        user_id bigint not null unique,
        bio TEXT,
        github_url varchar(255),
        image_url varchar(255),
        instagram_url varchar(255),
        job_title varchar(255),
        linkedin_url varchar(255),
        whatsapp_url varchar(255),
        primary key (id)
    )
Hibernate: 
    create table programmer_skills (
        profile_id bigint not null,
        skill varchar(255)
    )
Hibernate: 
    create table project_techs (
        project_id bigint not null,
        tech varchar(255)
    )
Hibernate: 
    create table projects (
        created_at timestamp(6),
        id bigint generated by default as identity,
        owner_id bigint not null,
        updated_at timestamp(6),
        deploy_url varchar(255),
        description TEXT,
        image_url varchar(255),
        name varchar(255) not null,
        repo_url varchar(255),
        type enum ('ACADEMICO','PROFESIONAL') not null,
        primary key (id)
    )
Hibernate: 
    create table schedules (
        date date not null,
        time time(0) not null,
        created_at timestamp(6),
        id bigint generated by default as identity,
        programmer_id bigint not null,
        status varchar(255) not null,
        modality enum ('PRESENCIAL','VIRTUAL') not null,
        primary key (id)
    )
Hibernate: 
    create table users (
        created_at timestamp(6),
        id bigint generated by default as identity,
        updated_at timestamp(6),
        email varchar(255) not null unique,
        image_url varchar(255),
        name varchar(255) not null,
        password varchar(255) not null,
        role enum ('ADMIN','PROGRAMMER','USER') not null,
        primary key (id)
    )
Hibernate: 
    alter table if exists advisories 
       add constraint FKlk5cgti2f647iq1fa62pnix0i 
       foreign key (programmer_id) 
       references users
Hibernate: 
    alter table if exists advisories 
       add constraint FKlfa427yk8wwypiof9xx272rux 
       foreign key (schedule_id) 
       references schedules
Hibernate: 
    alter table if exists advisories 
       add constraint FK6pnwwocbahdxgau9q62q5lhlx 
       foreign key (user_id) 
       references users
Hibernate: 
    alter table if exists programmer_profiles 
       add constraint FK8isue0c01hwua1vtj2w18x9ba 
       foreign key (user_id) 
       references users
Hibernate: 
    alter table if exists programmer_skills 
       add constraint FKbd5y10ba88pmaxylomfcjm3tb 
       foreign key (profile_id) 
       references programmer_profiles
Hibernate: 
    alter table if exists project_techs 
       add constraint FK8shmocsvpchflbnt1o08o5vbf 
       foreign key (project_id) 
       references projects
Hibernate: 
    alter table if exists projects 
       add constraint FKmueqy6cpcwpfl8gnnag4idjt9 
       foreign key (owner_id) 
       references users
Hibernate: 
    alter table if exists schedules 
       add constraint FK4ijuxj7ihm64a5w4ly05mlvx3 
       foreign key (programmer_id) 
       references users
2026-02-08T22:39:34.336-05:00  INFO 129760 --- [portfolio-backend] [  restartedMain] j.LocalContainerEntityManagerFactoryBean : Initialized JPA EntityManagerFactory for persistence unit 'default'
2026-02-08T22:39:34.387-05:00  INFO 129760 --- [portfolio-backend] [  restartedMain] o.s.d.j.r.query.QueryEnhancerFactories   : Hibernate is in classpath; If applicable, HQL parser will be used.
2026-02-08T22:39:34.539-05:00 DEBUG 129760 --- [portfolio-backend] [  restartedMain] c.p.b.s.filters.JwtAuthenticationFilter  : Filter 'jwtAuthenticationFilter' configured for use
2026-02-08T22:39:34.687-05:00  WARN 129760 --- [portfolio-backend] [  restartedMain] ConfigServletWebServerApplicationContext : Exception encountered during context initialization - cancelling refresh attempt: org.springframework.beans.factory.UnsatisfiedDependencyException: Error creating bean with name 'advisoryController' defined in file [C:\Users\Usuario\Desktop\U\Proyecto-Backend\project-backend\backend-spring\target\classes\com\portfolio\backend\advisories\controllers\AdvisoryController.class]: Unsatisfied dependency expressed through constructor parameter 0: Error creating bean with name 'advisoryServiceImpl' defined in file [C:\Users\Usuario\Desktop\U\Proyecto-Backend\project-backend\backend-spring\target\classes\com\portfolio\backend\advisories\services\AdvisoryServiceImpl.class]: Unsatisfied dependency expressed through constructor parameter 4: Error creating bean with name 'emailServiceImpl': Injection of autowired dependencies failed
2026-02-08T22:39:34.688-05:00  INFO 129760 --- [portfolio-backend] [  restartedMain] j.LocalContainerEntityManagerFactoryBean : Closing JPA EntityManagerFactory for persistence unit 'default'
Hibernate: 
    drop table if exists advisories cascade 
Hibernate: 
    drop table if exists programmer_profiles cascade 
Hibernate: 
    drop table if exists programmer_skills cascade 
Hibernate: 
    drop table if exists project_techs cascade 
Hibernate: 
    drop table if exists projects cascade 
Hibernate: 
    drop table if exists schedules cascade 
Hibernate: 
    drop table if exists users cascade 
2026-02-08T22:39:34.695-05:00  WARN 129760 --- [portfolio-backend] [  restartedMain] o.s.b.f.support.DisposableBeanAdapter    : Invocation of destroy method failed on bean with name 'inMemoryDatabaseShutdownExecutor': org.h2.jdbc.JdbcSQLNonTransientConnectionException: La base de datos ya esta cerrada (para des-habilitar el cerrado automatico durante el shutdown de la VM, agregue ";DB_CLOSE_ON_EXIT=FALSE" a la URL de conexión)
Database is already closed (to disable automatic closing at VM shutdown, add ";DB_CLOSE_ON_EXIT=FALSE" to the db URL) [90121-240]
2026-02-08T22:39:34.697-05:00  INFO 129760 --- [portfolio-backend] [  restartedMain] com.zaxxer.hikari.HikariDataSource       : HikariPool-1 - Shutdown initiated...
2026-02-08T22:39:34.698-05:00  INFO 129760 --- [portfolio-backend] [  restartedMain] com.zaxxer.hikari.HikariDataSource       : HikariPool-1 - Shutdown completed.
2026-02-08T22:39:34.699-05:00  INFO 129760 --- [portfolio-backend] [  restartedMain] o.apache.catalina.core.StandardService   : Stopping service [Tomcat]
2026-02-08T22:39:34.703-05:00  INFO 129760 --- [portfolio-backend] [  restartedMain] .s.b.a.l.ConditionEvaluationReportLogger : 

Error starting ApplicationContext. To display the condition evaluation report re-run your application with 'debug' enabled.
2026-02-08T22:39:34.713-05:00 ERROR 129760 --- [portfolio-backend] [  restartedMain] o.s.boot.SpringApplication               : Application run failed

org.springframework.beans.factory.UnsatisfiedDependencyException: Error creating bean with name 'advisoryController' defined in file [C:\Users\Usuario\Desktop\U\Proyecto-Backend\project-backend\backend-spring\target\classes\com\portfolio\backend\advisories\controllers\AdvisoryController.class]: Unsatisfied dependency expressed through constructor parameter 0: Error creating bean with name 'advisoryServiceImpl' defined in file [C:\Users\Usuario\Desktop\U\Proyecto-Backend\project-backend\backend-spring\target\classes\com\portfolio\backend\advisories\services\AdvisoryServiceImpl.class]: Unsatisfied dependency expressed through constructor parameter 4: Error creating bean with name 'emailServiceImpl': Injection of autowired dependencies failed
	at org.springframework.beans.factory.support.ConstructorResolver.createArgumentArray(ConstructorResolver.java:804) ~[spring-beans-7.0.3.jar:7.0.3]
	at org.springframework.beans.factory.support.ConstructorResolver.autowireConstructor(ConstructorResolver.java:240) ~[spring-beans-7.0.3.jar:7.0.3]
	at org.springframework.beans.factory.support.AbstractAutowireCapableBeanFactory.autowireConstructor(AbstractAutowireCapableBeanFactory.java:1382) ~[spring-beans-7.0.3.jar:7.0.3]
	at org.springframework.beans.factory.support.AbstractAutowireCapableBeanFactory.createBeanInstance(AbstractAutowireCapableBeanFactory.java:1221) ~[spring-beans-7.0.3.jar:7.0.3]
	at org.springframework.beans.factory.support.AbstractAutowireCapableBeanFactory.doCreateBean(AbstractAutowireCapableBeanFactory.java:565) ~[spring-beans-7.0.3.jar:7.0.3]
	at org.springframework.beans.factory.support.AbstractAutowireCapableBeanFactory.createBean(AbstractAutowireCapableBeanFactory.java:525) ~[spring-beans-7.0.3.jar:7.0.3]
	at org.springframework.beans.factory.support.AbstractBeanFactory.lambda$doGetBean$0(AbstractBeanFactory.java:333) ~[spring-beans-7.0.3.jar:7.0.3]
	at org.springframework.beans.factory.support.DefaultSingletonBeanRegistry.getSingleton(DefaultSingletonBeanRegistry.java:371) ~[spring-beans-7.0.3.jar:7.0.3]
	at org.springframework.beans.factory.support.AbstractBeanFactory.doGetBean(AbstractBeanFactory.java:331) ~[spring-beans-7.0.3.jar:7.0.3]
	at org.springframework.beans.factory.support.AbstractBeanFactory.getBean(AbstractBeanFactory.java:196) ~[spring-beans-7.0.3.jar:7.0.3]
	at org.springframework.beans.factory.support.DefaultListableBeanFactory.instantiateSingleton(DefaultListableBeanFactory.java:1218) ~[spring-beans-7.0.3.jar:7.0.3]
	at org.springframework.beans.factory.support.DefaultListableBeanFactory.preInstantiateSingleton(DefaultListableBeanFactory.java:1184) ~[spring-beans-7.0.3.jar:7.0.3]
	at org.springframework.beans.factory.support.DefaultListableBeanFactory.preInstantiateSingletons(DefaultListableBeanFactory.java:1121) ~[spring-beans-7.0.3.jar:7.0.3]
	at org.springframework.context.support.AbstractApplicationContext.finishBeanFactoryInitialization(AbstractApplicationContext.java:993) ~[spring-context-7.0.3.jar:7.0.3]
	at org.springframework.context.support.AbstractApplicationContext.refresh(AbstractApplicationContext.java:620) ~[spring-context-7.0.3.jar:7.0.3]
	at org.springframework.boot.web.server.servlet.context.ServletWebServerApplicationContext.refresh(ServletWebServerApplicationContext.java:143) ~[spring-boot-web-server-4.0.2.jar:4.0.2]
	at org.springframework.boot.SpringApplication.refresh(SpringApplication.java:756) ~[spring-boot-4.0.2.jar:4.0.2]
	at org.springframework.boot.SpringApplication.refreshContext(SpringApplication.java:445) ~[spring-boot-4.0.2.jar:4.0.2]
	at org.springframework.boot.SpringApplication.run(SpringApplication.java:321) ~[spring-boot-4.0.2.jar:4.0.2]
	at org.springframework.boot.SpringApplication.run(SpringApplication.java:1365) ~[spring-boot-4.0.2.jar:4.0.2]
	at org.springframework.boot.SpringApplication.run(SpringApplication.java:1354) ~[spring-boot-4.0.2.jar:4.0.2]
	at com.portfolio.backend.PortfolioBackendApplication.main(PortfolioBackendApplication.java:12) ~[classes/:na]
	at java.base/jdk.internal.reflect.DirectMethodHandleAccessor.invoke(DirectMethodHandleAccessor.java:104) ~[na:na]
	at java.base/java.lang.reflect.Method.invoke(Method.java:565) ~[na:na]
	at org.springframework.boot.devtools.restart.RestartLauncher.run(RestartLauncher.java:52) ~[spring-boot-devtools-4.0.2.jar:4.0.2]
Caused by: org.springframework.beans.factory.UnsatisfiedDependencyException: Error creating bean with name 'advisoryServiceImpl' defined in file [C:\Users\Usuario\Desktop\U\Proyecto-Backend\project-backend\backend-spring\target\classes\com\portfolio\backend\advisories\services\AdvisoryServiceImpl.class]: Unsatisfied dependency expressed through constructor parameter 4: Error creating bean with name 'emailServiceImpl': Injection of autowired dependencies failed
	at org.springframework.beans.factory.support.ConstructorResolver.createArgumentArray(ConstructorResolver.java:804) ~[spring-beans-7.0.3.jar:7.0.3]
	at org.springframework.beans.factory.support.ConstructorResolver.autowireConstructor(ConstructorResolver.java:240) ~[spring-beans-7.0.3.jar:7.0.3]
	at org.springframework.beans.factory.support.AbstractAutowireCapableBeanFactory.autowireConstructor(AbstractAutowireCapableBeanFactory.java:1382) ~[spring-beans-7.0.3.jar:7.0.3]
	at org.springframework.beans.factory.support.AbstractAutowireCapableBeanFactory.createBeanInstance(AbstractAutowireCapableBeanFactory.java:1221) ~[spring-beans-7.0.3.jar:7.0.3]
	at org.springframework.beans.factory.support.AbstractAutowireCapableBeanFactory.doCreateBean(AbstractAutowireCapableBeanFactory.java:565) ~[spring-beans-7.0.3.jar:7.0.3]
	at org.springframework.beans.factory.support.AbstractAutowireCapableBeanFactory.createBean(AbstractAutowireCapableBeanFactory.java:525) ~[spring-beans-7.0.3.jar:7.0.3]
	at org.springframework.beans.factory.support.AbstractBeanFactory.lambda$doGetBean$0(AbstractBeanFactory.java:333) ~[spring-beans-7.0.3.jar:7.0.3]
	at org.springframework.beans.factory.support.DefaultSingletonBeanRegistry.getSingleton(DefaultSingletonBeanRegistry.java:371) ~[spring-beans-7.0.3.jar:7.0.3]
	at org.springframework.beans.factory.support.AbstractBeanFactory.doGetBean(AbstractBeanFactory.java:331) ~[spring-beans-7.0.3.jar:7.0.3]
	at org.springframework.beans.factory.support.AbstractBeanFactory.getBean(AbstractBeanFactory.java:201) ~[spring-beans-7.0.3.jar:7.0.3]
	at org.springframework.beans.factory.config.DependencyDescriptor.resolveCandidate(DependencyDescriptor.java:229) ~[spring-beans-7.0.3.jar:7.0.3]
	at org.springframework.beans.factory.support.DefaultListableBeanFactory.doResolveDependency(DefaultListableBeanFactory.java:1762) ~[spring-beans-7.0.3.jar:7.0.3]
	at org.springframework.beans.factory.support.DefaultListableBeanFactory.resolveDependency(DefaultListableBeanFactory.java:1651) ~[spring-beans-7.0.3.jar:7.0.3]
	at org.springframework.beans.factory.support.ConstructorResolver.resolveAutowiredArgument(ConstructorResolver.java:912) ~[spring-beans-7.0.3.jar:7.0.3]
	at org.springframework.beans.factory.support.ConstructorResolver.createArgumentArray(ConstructorResolver.java:791) ~[spring-beans-7.0.3.jar:7.0.3]
	... 24 common frames omitted
Caused by: org.springframework.beans.factory.BeanCreationException: Error creating bean with name 'emailServiceImpl': Injection of autowired dependencies failed
	at org.springframework.beans.factory.annotation.AutowiredAnnotationBeanPostProcessor.postProcessProperties(AutowiredAnnotationBeanPostProcessor.java:498) ~[spring-beans-7.0.3.jar:7.0.3]
	at org.springframework.beans.factory.support.AbstractAutowireCapableBeanFactory.populateBean(AbstractAutowireCapableBeanFactory.java:1446) ~[spring-beans-7.0.3.jar:7.0.3]
	at org.springframework.beans.factory.support.AbstractAutowireCapableBeanFactory.doCreateBean(AbstractAutowireCapableBeanFactory.java:602) ~[spring-beans-7.0.3.jar:7.0.3]
	at org.springframework.beans.factory.support.AbstractAutowireCapableBeanFactory.createBean(AbstractAutowireCapableBeanFactory.java:525) ~[spring-beans-7.0.3.jar:7.0.3]
	at org.springframework.beans.factory.support.AbstractBeanFactory.lambda$doGetBean$0(AbstractBeanFactory.java:333) ~[spring-beans-7.0.3.jar:7.0.3]
	at org.springframework.beans.factory.support.DefaultSingletonBeanRegistry.getSingleton(DefaultSingletonBeanRegistry.java:371) ~[spring-beans-7.0.3.jar:7.0.3]
	at org.springframework.beans.factory.support.AbstractBeanFactory.doGetBean(AbstractBeanFactory.java:331) ~[spring-beans-7.0.3.jar:7.0.3]
	at org.springframework.beans.factory.support.AbstractBeanFactory.getBean(AbstractBeanFactory.java:201) ~[spring-beans-7.0.3.jar:7.0.3]
	at org.springframework.beans.factory.config.DependencyDescriptor.resolveCandidate(DependencyDescriptor.java:229) ~[spring-beans-7.0.3.jar:7.0.3]
	at org.springframework.beans.factory.support.DefaultListableBeanFactory.doResolveDependency(DefaultListableBeanFactory.java:1762) ~[spring-beans-7.0.3.jar:7.0.3]
	at org.springframework.beans.factory.support.DefaultListableBeanFactory.resolveDependency(DefaultListableBeanFactory.java:1651) ~[spring-beans-7.0.3.jar:7.0.3]
	at org.springframework.beans.factory.support.ConstructorResolver.resolveAutowiredArgument(ConstructorResolver.java:912) ~[spring-beans-7.0.3.jar:7.0.3]
	at org.springframework.beans.factory.support.ConstructorResolver.createArgumentArray(ConstructorResolver.java:791) ~[spring-beans-7.0.3.jar:7.0.3]
	... 38 common frames omitted
Caused by: org.springframework.util.PlaceholderResolutionException: Could not resolve placeholder 'BREVO_API_KEY' in value "${BREVO_API_KEY}" <-- "${brevo.api-key}"
	at org.springframework.util.PlaceholderResolutionException.withValue(PlaceholderResolutionException.java:81) ~[spring-core-7.0.3.jar:7.0.3]
	at org.springframework.util.PlaceholderParser$ParsedValue.resolve(PlaceholderParser.java:296) ~[spring-core-7.0.3.jar:7.0.3]
	at org.springframework.util.PlaceholderParser.replacePlaceholders(PlaceholderParser.java:129) ~[spring-core-7.0.3.jar:7.0.3]
	at org.springframework.util.PropertyPlaceholderHelper.replacePlaceholders(PropertyPlaceholderHelper.java:96) ~[spring-core-7.0.3.jar:7.0.3]
	at org.springframework.core.env.AbstractPropertyResolver.doResolvePlaceholders(AbstractPropertyResolver.java:286) ~[spring-core-7.0.3.jar:7.0.3]
	at org.springframework.core.env.AbstractPropertyResolver.resolveRequiredPlaceholders(AbstractPropertyResolver.java:257) ~[spring-core-7.0.3.jar:7.0.3]
	at org.springframework.context.support.PropertySourcesPlaceholderConfigurer.lambda$processProperties$0(PropertySourcesPlaceholderConfigurer.java:184) ~[spring-context-7.0.3.jar:7.0.3]
	at org.springframework.beans.factory.support.AbstractBeanFactory.resolveEmbeddedValue(AbstractBeanFactory.java:959) ~[spring-beans-7.0.3.jar:7.0.3]
	at org.springframework.beans.factory.support.DefaultListableBeanFactory.doResolveDependency(DefaultListableBeanFactory.java:1672) ~[spring-beans-7.0.3.jar:7.0.3]
	at org.springframework.beans.factory.support.DefaultListableBeanFactory.resolveDependency(DefaultListableBeanFactory.java:1651) ~[spring-beans-7.0.3.jar:7.0.3]
	at org.springframework.beans.factory.annotation.AutowiredAnnotationBeanPostProcessor$AutowiredFieldElement.resolveFieldValue(AutowiredAnnotationBeanPostProcessor.java:763) ~[spring-beans-7.0.3.jar:7.0.3]
	at org.springframework.beans.factory.annotation.AutowiredAnnotationBeanPostProcessor$AutowiredFieldElement.inject(AutowiredAnnotationBeanPostProcessor.java:747) ~[spring-beans-7.0.3.jar:7.0.3]
	at org.springframework.beans.factory.annotation.InjectionMetadata.inject(InjectionMetadata.java:146) ~[spring-beans-7.0.3.jar:7.0.3]
	at org.springframework.beans.factory.annotation.AutowiredAnnotationBeanPostProcessor.postProcessProperties(AutowiredAnnotationBeanPostProcessor.java:492) ~[spring-beans-7.0.3.jar:7.0.3]
	... 50 common frames omitted

[INFO] ------------------------------------------------------------------------
[INFO] BUILD SUCCESS
[INFO] ------------------------------------------------------------------------
[INFO] Total time:  4.377 s
[INFO] Finished at: 2026-02-08T22:39:35-05:00
[INFO] ------------------------------------------------------------------------
